(893, 1311)


fold along x=655

638
fold along y=447

(447, 655)
(445, 655)
528
fold along x=327

445
fold along y=223

(223, 327)
(223, 327)
375
fold along x=163

321
fold along y=111

(111, 163)
(111, 163)
268
fold along x=81

219
fold along y=55

(55, 81)
(55, 81)
186
fold along x=40

155
fold along y=27

(27, 40)
(27, 40)
134
fold along y=13

(13, 40)
(13, 40)
112
fold along y=6
(6, 40)
(6, 40)
97
[[ 0 13  7  0  0  0  0  9  8  0  0  4 17  0  0  8  0  0  8  0 15 18  2  0
   0  0  1  5  0  0  1  9  4  0  0 17 23 17  0  0]
 [ 2  0  0 19  0  0  0  0  5  0 10  0  0  4  0  9  0  1  0  0  1  0  0  1
   0 10  0  0  2  0  6  0  0 11  0 17  0  0 13  0]
 [ 9  0  0  0  0  0  0  0  7  0 14  0  0  0  0  1  8  0  0  0 19  4  3  0
   0  5  0  0  7  0  7  0  0  1  0  3 11  6  0  0]
 [ 1  0  0  0  0  0  0  0  5  0  2  0  0  0  0 10  0  8  0  0 15  0  0  1
   0  3  3 14  2  0 30 10  2  0  0 11  0  0  6  0]
 [18  0  0  4  0  2  0  0 16  0 11  0  0  2  0  2  0 15  0  0  5  0  0  6
   0  5  0  0  4  0  1  0  0  0  0 12  0  0 16  0]
 [ 0  5 11  0  0  0 10  5  0  0  0 24  6  0  0  8  0  0 11  0  2  2  8  0
   0  3  0  0  5  0  1  0  0  0  0 12  2 17  0  0]]
[[  0 255 255   0   0   0   0 255 255   0   0 255 255   0   0 255   0   0
  255   0 255 255 255   0   0   0 255 255   0   0 255 255 255   0   0 255
  255 255   0   0]
 [255   0   0 255   0   0   0   0 255   0 255   0   0 255   0 255   0 255
    0   0 255   0   0 255   0 255   0   0 255   0 255   0   0 255   0 255
    0   0 255   0]
 [255   0   0   0   0   0   0   0 255   0 255   0   0   0   0 255 255   0
    0   0 255 255 255   0   0 255   0   0 255   0 255   0   0 255   0 255
  255 255   0   0]
 [255   0   0   0   0   0   0   0 255   0 255   0   0   0   0 255   0 255
    0   0 255   0   0 255   0 255 255 255 255   0 255 255 255   0   0 255
    0   0 255   0]
 [255   0   0 255   0 255   0   0 255   0 255   0   0 255   0 255   0 255
    0   0 255   0   0 255   0 255   0   0 255   0 255   0   0   0   0 255
    0   0 255   0]
 [  0 255 255   0   0   0 255 255   0   0   0 255 255   0   0 255   0   0
  255   0 255 255 255   0   0 255   0   0 255   0 255   0   0   0   0 255
  255 255   0   0]]
